<?xml version="1.0" encoding="UTF-8"?>
<!-- Generated by org.testng.reporters.JUnitReportReporter -->
<testsuite skipped="0" hostname="DESKTOP-Q7AGB1I" name="com.sgic.logintest.downloadTry" tests="2" failures="0" timestamp="14 Jul 2019 09:13:54 GMT" time="19.003" errors="0">
  <testcase name="browserOpen" time="5.492" classname="com.sgic.logintest.downloadTry"/>
  <testcase name="Search" time="13.511" classname="com.sgic.logintest.downloadTry"/>
</testsuite> <!-- com.sgic.logintest.downloadTry -->
